<?xml version="1.0" encoding="UTF-8"?>
<!-- Generated by org.testng.reporters.JUnitXMLReporter -->
<testsuite ignored="0" hostname="LMPITSJ8NH6Q3" failures="0" tests="9" name="Default test" time="88.208" errors="0" timestamp="2022-12-12T14:11:44 IST">
  <testcase classname="tests.myDetails.MyHolidayList" name="myHolidayList" time="26.648"/>
  <testcase classname="tests.myDetails.MyHolidayList" name="validateMyHolidayList" time="2.137"/>
  <testcase classname="tests.myDetails.MyHolidayList" name="validateYellowHolidays" time="0.044"/>
  <testcase classname="tests.myDetails.MyHolidayList" name="validateSelectedHolidays" time="2.306"/>
  <testcase classname="tests.myDetails.MyHolidayList" name="validateSubmittedHolidayList" time="0.0"/>
  <testcase classname="tests.myDetails.MyHolidayList" name="validateUserLogout" time="7.818"/>
  <testcase classname="tests.myDetails.MyHolidayList" name="validateMgrHolidayReqFlow" time="26.506"/>
  <testcase classname="tests.myDetails.MyHolidayList" name="validateManagerLogout" time="8.03"/>
  <testcase classname="tests.myDetails.MyHolidayList" name="validateUserAppliedHolidays" time="13.721"/>
</testsuite> <!-- Default test -->
