<?xml version="1.0" encoding="UTF-8"?>
<!-- Generated by org.testng.reporters.JUnitXMLReporter -->
<testsuite ignored="1" hostname="LMPITSJ8NH6Q3" failures="2" tests="2" name="Test" time="34.351" errors="0" timestamp="2022-11-09T22:22:37 IST">
  <testcase classname="tests.LoginPage" name="validatelogin" time="16.917">
    <failure type="org.openqa.selenium.ElementClickInterceptedException" message="element click intercepted: Element &amp;lt;input type=&amp;quot;submit&amp;quot; id=&amp;quot;idSIButton9&amp;quot; class=&amp;quot;win-button button_primary button ext-button primary ext-primary&amp;quot; data-report-event=&amp;quot;Signin_Submit&amp;quot; data-report-trigger=&amp;quot;click&amp;quot; data-report-value=&amp;quot;Submit&amp;quot; data-bind=&amp;quot;
                attr: primaryButtonAttributes,
                externalCss: {
                    &amp;apos;button&amp;apos;: true,
                    &amp;apos;primary&amp;apos;: true },
                value: primaryButtonText() || str[&amp;apos;CT_PWD_STR_SignIn_Button_Next&amp;apos;],
                hasFocus: focusOnPrimaryButton,
                click: primaryButton_onClick,
                enable: isPrimaryButtonEnabled,
                visible: isPrimaryButtonVisible,
                preventTabbing: primaryButtonPreventTabbing&amp;quot; value=&amp;quot;Next&amp;quot;&amp;gt; is not clickable at point (753, 336). Other element would receive the click: &amp;lt;div class=&amp;quot;lightbox-cover disable-lightbox&amp;quot; data-bind=&amp;quot;css: { &amp;apos;disable-lightbox&amp;apos;: svr.fAllowGrayOutLightBox &amp;amp;amp;&amp;amp;amp; showLightboxProgress() }&amp;quot;&amp;gt;&amp;lt;/div&amp;gt;
  (Session info: chrome=107.0.5304.106)
Build info: version: &amp;apos;4.5.3&amp;apos;, revision: &amp;apos;4b786a1e430&amp;apos;
System info: os.name: &amp;apos;Windows 11&amp;apos;, os.arch: &amp;apos;amd64&amp;apos;, os.version: &amp;apos;10.0&amp;apos;, java.version: &amp;apos;17.0.4.1&amp;apos;
Driver info: org.openqa.selenium.chrome.ChromeDriver
Command: [748fb0ccc39c8e00d37d32a95cc45e13, clickElement {id=00a7f284-65fe-4f12-9d23-97261c662fd8}]
Capabilities {acceptInsecureCerts: false, browserName: chrome, browserVersion: 107.0.5304.106, chrome: {chromedriverVersion: 107.0.5304.62 (1eec40d3a576..., userDataDir: C:\Users\P50096~1\AppData\L...}, goog:chromeOptions: {debuggerAddress: localhost:50649}, networkConnectionEnabled: false, pageLoadStrategy: normal, platformName: WINDOWS, proxy: Proxy(), se:cdp: ws://localhost:50649/devtoo..., se:cdpVersion: 107.0.5304.106, setWindowRect: true, strictFileInteractability: false, timeouts: {implicit: 0, pageLoad: 300000, script: 30000}, unhandledPromptBehavior: dismiss and notify, webauthn:extension:credBlob: true, webauthn:extension:largeBlob: true, webauthn:virtualAuthenticators: true}
Element: [[ChromeDriver: chrome on WINDOWS (748fb0ccc39c8e00d37d32a95cc45e13)] -&amp;gt; xpath: //input[@type=&amp;apos;submit&amp;apos;]]
Session ID: 748fb0ccc39c8e00d37d32a95cc45e13">
      <![CDATA[org.openqa.selenium.ElementClickInterceptedException: element click intercepted: Element <input type="submit" id="idSIButton9" class="win-button button_primary button ext-button primary ext-primary" data-report-event="Signin_Submit" data-report-trigger="click" data-report-value="Submit" data-bind="
                attr: primaryButtonAttributes,
                externalCss: {
                    'button': true,
                    'primary': true },
                value: primaryButtonText() || str['CT_PWD_STR_SignIn_Button_Next'],
                hasFocus: focusOnPrimaryButton,
                click: primaryButton_onClick,
                enable: isPrimaryButtonEnabled,
                visible: isPrimaryButtonVisible,
                preventTabbing: primaryButtonPreventTabbing" value="Next"> is not clickable at point (753, 336). Other element would receive the click: <div class="lightbox-cover disable-lightbox" data-bind="css: { 'disable-lightbox': svr.fAllowGrayOutLightBox &amp;&amp; showLightboxProgress() }"></div>
  (Session info: chrome=107.0.5304.106)
Build info: version: '4.5.3', revision: '4b786a1e430'
System info: os.name: 'Windows 11', os.arch: 'amd64', os.version: '10.0', java.version: '17.0.4.1'
Driver info: org.openqa.selenium.chrome.ChromeDriver
Command: [748fb0ccc39c8e00d37d32a95cc45e13, clickElement {id=00a7f284-65fe-4f12-9d23-97261c662fd8}]
Capabilities {acceptInsecureCerts: false, browserName: chrome, browserVersion: 107.0.5304.106, chrome: {chromedriverVersion: 107.0.5304.62 (1eec40d3a576..., userDataDir: C:\Users\P50096~1\AppData\L...}, goog:chromeOptions: {debuggerAddress: localhost:50649}, networkConnectionEnabled: false, pageLoadStrategy: normal, platformName: WINDOWS, proxy: Proxy(), se:cdp: ws://localhost:50649/devtoo..., se:cdpVersion: 107.0.5304.106, setWindowRect: true, strictFileInteractability: false, timeouts: {implicit: 0, pageLoad: 300000, script: 30000}, unhandledPromptBehavior: dismiss and notify, webauthn:extension:credBlob: true, webauthn:extension:largeBlob: true, webauthn:virtualAuthenticators: true}
Element: [[ChromeDriver: chrome on WINDOWS (748fb0ccc39c8e00d37d32a95cc45e13)] -> xpath: //input[@type='submit']]
Session ID: 748fb0ccc39c8e00d37d32a95cc45e13
at org.openqa.selenium.remote.codec.w3c.W3CHttpResponseCodec.createException(W3CHttpResponseCodec.java:200)
at org.openqa.selenium.remote.codec.w3c.W3CHttpResponseCodec.decode(W3CHttpResponseCodec.java:133)
at org.openqa.selenium.remote.codec.w3c.W3CHttpResponseCodec.decode(W3CHttpResponseCodec.java:53)
at org.openqa.selenium.remote.HttpCommandExecutor.execute(HttpCommandExecutor.java:184)
at org.openqa.selenium.remote.service.DriverCommandExecutor.invokeExecute(DriverCommandExecutor.java:167)
at org.openqa.selenium.remote.service.DriverCommandExecutor.execute(DriverCommandExecutor.java:142)
at org.openqa.selenium.remote.RemoteWebDriver.execute(RemoteWebDriver.java:541)
at org.openqa.selenium.remote.RemoteWebElement.execute(RemoteWebElement.java:257)
at org.openqa.selenium.remote.RemoteWebElement.click(RemoteWebElement.java:78)
at pageObjects.LoginPageObject.getpassnextbtn(LoginPageObject.java:39)
at tests.LoginPage.validatelogin(LoginPage.java:53)
at java.base/java.util.ArrayList.forEach(ArrayList.java:1511)
... Removed 32 stack frames]]>
    </failure>
  </testcase> <!-- validatelogin -->
  <testcase classname="tests.mainMyLeaves.myLeaves.LeavePlan" name="validateMyLeaves" time="17.383">
    <failure type="org.openqa.selenium.ElementClickInterceptedException" message="element click intercepted: Element &amp;lt;input type=&amp;quot;submit&amp;quot; id=&amp;quot;idSIButton9&amp;quot; class=&amp;quot;win-button button_primary button ext-button primary ext-primary&amp;quot; data-report-event=&amp;quot;Signin_Submit&amp;quot; data-report-trigger=&amp;quot;click&amp;quot; data-report-value=&amp;quot;Submit&amp;quot; data-bind=&amp;quot;
                attr: primaryButtonAttributes,
                externalCss: {
                    &amp;apos;button&amp;apos;: true,
                    &amp;apos;primary&amp;apos;: true },
                value: primaryButtonText() || str[&amp;apos;CT_PWD_STR_SignIn_Button_Next&amp;apos;],
                hasFocus: focusOnPrimaryButton,
                click: primaryButton_onClick,
                enable: isPrimaryButtonEnabled,
                visible: isPrimaryButtonVisible,
                preventTabbing: primaryButtonPreventTabbing&amp;quot; value=&amp;quot;Next&amp;quot;&amp;gt; is not clickable at point (753, 336). Other element would receive the click: &amp;lt;div class=&amp;quot;lightbox-cover disable-lightbox&amp;quot; data-bind=&amp;quot;css: { &amp;apos;disable-lightbox&amp;apos;: svr.fAllowGrayOutLightBox &amp;amp;amp;&amp;amp;amp; showLightboxProgress() }&amp;quot;&amp;gt;&amp;lt;/div&amp;gt;
  (Session info: chrome=107.0.5304.106)
Build info: version: &amp;apos;4.5.3&amp;apos;, revision: &amp;apos;4b786a1e430&amp;apos;
System info: os.name: &amp;apos;Windows 11&amp;apos;, os.arch: &amp;apos;amd64&amp;apos;, os.version: &amp;apos;10.0&amp;apos;, java.version: &amp;apos;17.0.4.1&amp;apos;
Driver info: org.openqa.selenium.chrome.ChromeDriver
Command: [25e7b62077097326b028e3b8ec80121d, clickElement {id=5ff37cc8-f14b-4d2b-8670-9d274d44ee9c}]
Capabilities {acceptInsecureCerts: false, browserName: chrome, browserVersion: 107.0.5304.106, chrome: {chromedriverVersion: 107.0.5304.62 (1eec40d3a576..., userDataDir: C:\Users\P50096~1\AppData\L...}, goog:chromeOptions: {debuggerAddress: localhost:50695}, networkConnectionEnabled: false, pageLoadStrategy: normal, platformName: WINDOWS, proxy: Proxy(), se:cdp: ws://localhost:50695/devtoo..., se:cdpVersion: 107.0.5304.106, setWindowRect: true, strictFileInteractability: false, timeouts: {implicit: 0, pageLoad: 300000, script: 30000}, unhandledPromptBehavior: dismiss and notify, webauthn:extension:credBlob: true, webauthn:extension:largeBlob: true, webauthn:virtualAuthenticators: true}
Element: [[ChromeDriver: chrome on WINDOWS (25e7b62077097326b028e3b8ec80121d)] -&amp;gt; xpath: //input[@type=&amp;apos;submit&amp;apos;]]
Session ID: 25e7b62077097326b028e3b8ec80121d">
      <![CDATA[org.openqa.selenium.ElementClickInterceptedException: element click intercepted: Element <input type="submit" id="idSIButton9" class="win-button button_primary button ext-button primary ext-primary" data-report-event="Signin_Submit" data-report-trigger="click" data-report-value="Submit" data-bind="
                attr: primaryButtonAttributes,
                externalCss: {
                    'button': true,
                    'primary': true },
                value: primaryButtonText() || str['CT_PWD_STR_SignIn_Button_Next'],
                hasFocus: focusOnPrimaryButton,
                click: primaryButton_onClick,
                enable: isPrimaryButtonEnabled,
                visible: isPrimaryButtonVisible,
                preventTabbing: primaryButtonPreventTabbing" value="Next"> is not clickable at point (753, 336). Other element would receive the click: <div class="lightbox-cover disable-lightbox" data-bind="css: { 'disable-lightbox': svr.fAllowGrayOutLightBox &amp;&amp; showLightboxProgress() }"></div>
  (Session info: chrome=107.0.5304.106)
Build info: version: '4.5.3', revision: '4b786a1e430'
System info: os.name: 'Windows 11', os.arch: 'amd64', os.version: '10.0', java.version: '17.0.4.1'
Driver info: org.openqa.selenium.chrome.ChromeDriver
Command: [25e7b62077097326b028e3b8ec80121d, clickElement {id=5ff37cc8-f14b-4d2b-8670-9d274d44ee9c}]
Capabilities {acceptInsecureCerts: false, browserName: chrome, browserVersion: 107.0.5304.106, chrome: {chromedriverVersion: 107.0.5304.62 (1eec40d3a576..., userDataDir: C:\Users\P50096~1\AppData\L...}, goog:chromeOptions: {debuggerAddress: localhost:50695}, networkConnectionEnabled: false, pageLoadStrategy: normal, platformName: WINDOWS, proxy: Proxy(), se:cdp: ws://localhost:50695/devtoo..., se:cdpVersion: 107.0.5304.106, setWindowRect: true, strictFileInteractability: false, timeouts: {implicit: 0, pageLoad: 300000, script: 30000}, unhandledPromptBehavior: dismiss and notify, webauthn:extension:credBlob: true, webauthn:extension:largeBlob: true, webauthn:virtualAuthenticators: true}
Element: [[ChromeDriver: chrome on WINDOWS (25e7b62077097326b028e3b8ec80121d)] -> xpath: //input[@type='submit']]
Session ID: 25e7b62077097326b028e3b8ec80121d
at org.openqa.selenium.remote.codec.w3c.W3CHttpResponseCodec.createException(W3CHttpResponseCodec.java:200)
at org.openqa.selenium.remote.codec.w3c.W3CHttpResponseCodec.decode(W3CHttpResponseCodec.java:133)
at org.openqa.selenium.remote.codec.w3c.W3CHttpResponseCodec.decode(W3CHttpResponseCodec.java:53)
at org.openqa.selenium.remote.HttpCommandExecutor.execute(HttpCommandExecutor.java:184)
at org.openqa.selenium.remote.service.DriverCommandExecutor.invokeExecute(DriverCommandExecutor.java:167)
at org.openqa.selenium.remote.service.DriverCommandExecutor.execute(DriverCommandExecutor.java:142)
at org.openqa.selenium.remote.RemoteWebDriver.execute(RemoteWebDriver.java:541)
at org.openqa.selenium.remote.RemoteWebElement.execute(RemoteWebElement.java:257)
at org.openqa.selenium.remote.RemoteWebElement.click(RemoteWebElement.java:78)
at pageObjects.LoginPageObject.getpassnextbtn(LoginPageObject.java:39)
at tests.LoginPage.validatelogin(LoginPage.java:53)
at tests.mainMyLeaves.myLeaves.LeavePlan.validateMyLeaves(LeavePlan.java:21)
at java.base/java.util.ArrayList.forEach(ArrayList.java:1511)
... Removed 32 stack frames]]>
    </failure>
  </testcase> <!-- validateMyLeaves -->
  <testcase classname="tests.LoginPage" name="validateLogout" time="0.0">
    <ignored/>
  </testcase> <!-- validateLogout -->
</testsuite> <!-- Test -->
