<?xml version="1.0" encoding="UTF-8"?>
<!-- Generated by org.testng.reporters.JUnitXMLReporter -->
<testsuite ignored="3" hostname="LMPITSJ8NH6Q3" failures="1" tests="2" name="Test" time="26.327" errors="0" timestamp="2022-12-10T12:09:09 IST">
  <testcase classname="tests.LoginTest.LoginPage" name="validatelogin" time="7.896">
    <failure type="org.openqa.selenium.StaleElementReferenceException" message="stale element reference: element is not attached to the page document
  (Session info: chrome=108.0.5359.99)
For documentation on this error, please visit: https://selenium.dev/exceptions/#stale_element_reference
Build info: version: &amp;apos;4.6.0&amp;apos;, revision: &amp;apos;79f1c02ae20&amp;apos;
System info: os.name: &amp;apos;Windows 11&amp;apos;, os.arch: &amp;apos;amd64&amp;apos;, os.version: &amp;apos;10.0&amp;apos;, java.version: &amp;apos;17.0.4.1&amp;apos;
Driver info: org.openqa.selenium.chrome.ChromeDriver
Command: [b595ec1e11e70909abb990d557f9cdde, clickElement {id=1bf94e13-5d79-4318-a8f1-5336ad49f5c6}]
Capabilities {acceptInsecureCerts: false, browserName: chrome, browserVersion: 108.0.5359.99, chrome: {chromedriverVersion: 108.0.5359.71 (1e0e3868ee06..., userDataDir: C:\Users\P50096~1\AppData\L...}, goog:chromeOptions: {debuggerAddress: localhost:53484}, networkConnectionEnabled: false, pageLoadStrategy: normal, platformName: WINDOWS, proxy: Proxy(), se:cdp: ws://localhost:53484/devtoo..., se:cdpVersion: 108.0.5359.99, setWindowRect: true, strictFileInteractability: false, timeouts: {implicit: 0, pageLoad: 300000, script: 30000}, unhandledPromptBehavior: dismiss and notify, webauthn:extension:credBlob: true, webauthn:extension:largeBlob: true, webauthn:virtualAuthenticators: true}
Element: [[ChromeDriver: chrome on WINDOWS (b595ec1e11e70909abb990d557f9cdde)] -&amp;gt; xpath: //input[@type=&amp;apos;submit&amp;apos;]]
Session ID: b595ec1e11e70909abb990d557f9cdde">
      <![CDATA[org.openqa.selenium.StaleElementReferenceException: stale element reference: element is not attached to the page document
  (Session info: chrome=108.0.5359.99)
For documentation on this error, please visit: https://selenium.dev/exceptions/#stale_element_reference
Build info: version: '4.6.0', revision: '79f1c02ae20'
System info: os.name: 'Windows 11', os.arch: 'amd64', os.version: '10.0', java.version: '17.0.4.1'
Driver info: org.openqa.selenium.chrome.ChromeDriver
Command: [b595ec1e11e70909abb990d557f9cdde, clickElement {id=1bf94e13-5d79-4318-a8f1-5336ad49f5c6}]
Capabilities {acceptInsecureCerts: false, browserName: chrome, browserVersion: 108.0.5359.99, chrome: {chromedriverVersion: 108.0.5359.71 (1e0e3868ee06..., userDataDir: C:\Users\P50096~1\AppData\L...}, goog:chromeOptions: {debuggerAddress: localhost:53484}, networkConnectionEnabled: false, pageLoadStrategy: normal, platformName: WINDOWS, proxy: Proxy(), se:cdp: ws://localhost:53484/devtoo..., se:cdpVersion: 108.0.5359.99, setWindowRect: true, strictFileInteractability: false, timeouts: {implicit: 0, pageLoad: 300000, script: 30000}, unhandledPromptBehavior: dismiss and notify, webauthn:extension:credBlob: true, webauthn:extension:largeBlob: true, webauthn:virtualAuthenticators: true}
Element: [[ChromeDriver: chrome on WINDOWS (b595ec1e11e70909abb990d557f9cdde)] -> xpath: //input[@type='submit']]
Session ID: b595ec1e11e70909abb990d557f9cdde
at org.openqa.selenium.remote.codec.w3c.W3CHttpResponseCodec.createException(W3CHttpResponseCodec.java:200)
at org.openqa.selenium.remote.codec.w3c.W3CHttpResponseCodec.decode(W3CHttpResponseCodec.java:133)
at org.openqa.selenium.remote.codec.w3c.W3CHttpResponseCodec.decode(W3CHttpResponseCodec.java:53)
at org.openqa.selenium.remote.HttpCommandExecutor.execute(HttpCommandExecutor.java:184)
at org.openqa.selenium.remote.service.DriverCommandExecutor.invokeExecute(DriverCommandExecutor.java:167)
at org.openqa.selenium.remote.service.DriverCommandExecutor.execute(DriverCommandExecutor.java:142)
at org.openqa.selenium.remote.RemoteWebDriver.execute(RemoteWebDriver.java:541)
at org.openqa.selenium.remote.RemoteWebElement.execute(RemoteWebElement.java:257)
at org.openqa.selenium.remote.RemoteWebElement.click(RemoteWebElement.java:78)
at pageObjects.loginObjects.LoginPageObject.getpassnextbtn(LoginPageObject.java:51)
at tests.LoginTest.LoginPage.validatelogin(LoginPage.java:72)
at java.base/java.util.ArrayList.forEach(ArrayList.java:1511)
... Removed 32 stack frames]]>
    </failure>
  </testcase> <!-- validatelogin -->
  <testcase classname="tests.LoginTest.LoginPage" name="validateManagerLogin" time="17.712"/>
  <testcase classname="tests.LoginTest.LoginPage" name="validateForgotPass" time="0.0">
    <ignored/>
  </testcase> <!-- validateForgotPass -->
  <testcase classname="tests.LoginTest.LoginPage" name="validateLogout" time="0.0">
    <ignored/>
  </testcase> <!-- validateLogout -->
  <testcase classname="tests.LoginTest.LoginPage" name="validateAutoLogout" time="0.0">
    <ignored/>
  </testcase> <!-- validateAutoLogout -->
</testsuite> <!-- Test -->
