<?xml version="1.0" encoding="UTF-8"?>
<testng-results ignored="0" total="1" passed="1" failed="0" skipped="0">
  <reporter-output>
  </reporter-output>
  <suite started-at="2022-11-22T15:04:54 IST" name="Default suite" finished-at="2022-11-22T15:05:35 IST" duration-ms="41044">
    <groups>
    </groups>
    <test started-at="2022-11-22T15:04:54 IST" name="Default test" finished-at="2022-11-22T15:05:35 IST" duration-ms="41044">
      <class name="tests.mainMyLeaves.myLeaves.MyLeave">
        <test-method is-config="true" signature="initialize()[pri:0, instance:tests.mainMyLeaves.myLeaves.MyLeave@506ae4d4]" started-at="2022-11-22T15:04:54 IST" name="initialize" finished-at="2022-11-22T15:05:17 IST" duration-ms="23661" status="PASS">
          <reporter-output>
          </reporter-output>
        </test-method> <!-- initialize -->
        <test-method signature="validateMyLeave()[pri:0, instance:tests.mainMyLeaves.myLeaves.MyLeave@506ae4d4]" started-at="2022-11-22T15:05:17 IST" name="validateMyLeave" finished-at="2022-11-22T15:05:35 IST" duration-ms="17335" status="PASS">
          <reporter-output>
          </reporter-output>
        </test-method> <!-- validateMyLeave -->
      </class> <!-- tests.mainMyLeaves.myLeaves.MyLeave -->
    </test> <!-- Default test -->
  </suite> <!-- Default suite -->
</testng-results>
