<?xml version="1.0" encoding="UTF-8"?>
<testng-results ignored="1" total="3" passed="0" failed="2" skipped="0">
  <reporter-output>
  </reporter-output>
  <suite started-at="2022-11-09T22:22:03 IST" name="Suite" finished-at="2022-11-09T22:22:37 IST" duration-ms="34351">
    <groups>
    </groups>
    <test started-at="2022-11-09T22:22:03 IST" name="Test" finished-at="2022-11-09T22:22:37 IST" duration-ms="34351">
      <class name="tests.mainMyLeaves.myLeaves.LeavePlan">
        <test-method signature="validateMyLeaves()[pri:0, instance:tests.mainMyLeaves.myLeaves.LeavePlan@5d066c7d]" started-at="2022-11-09T22:22:20 IST" name="validateMyLeaves" finished-at="2022-11-09T22:22:37 IST" duration-ms="17383" status="FAIL">
          <exception class="org.openqa.selenium.ElementClickInterceptedException">
            <message>
              <![CDATA[element click intercepted: Element <input type="submit" id="idSIButton9" class="win-button button_primary button ext-button primary ext-primary" data-report-event="Signin_Submit" data-report-trigger="click" data-report-value="Submit" data-bind="
                attr: primaryButtonAttributes,
                externalCss: {
                    'button': true,
                    'primary': true },
                value: primaryButtonText() || str['CT_PWD_STR_SignIn_Button_Next'],
                hasFocus: focusOnPrimaryButton,
                click: primaryButton_onClick,
                enable: isPrimaryButtonEnabled,
                visible: isPrimaryButtonVisible,
                preventTabbing: primaryButtonPreventTabbing" value="Next"> is not clickable at point (753, 336). Other element would receive the click: <div class="lightbox-cover disable-lightbox" data-bind="css: { 'disable-lightbox': svr.fAllowGrayOutLightBox &amp;&amp; showLightboxProgress() }"></div>
  (Session info: chrome=107.0.5304.106)
Build info: version: '4.5.3', revision: '4b786a1e430'
System info: os.name: 'Windows 11', os.arch: 'amd64', os.version: '10.0', java.version: '17.0.4.1'
Driver info: org.openqa.selenium.chrome.ChromeDriver
Command: [25e7b62077097326b028e3b8ec80121d, clickElement {id=5ff37cc8-f14b-4d2b-8670-9d274d44ee9c}]
Capabilities {acceptInsecureCerts: false, browserName: chrome, browserVersion: 107.0.5304.106, chrome: {chromedriverVersion: 107.0.5304.62 (1eec40d3a576..., userDataDir: C:\Users\P50096~1\AppData\L...}, goog:chromeOptions: {debuggerAddress: localhost:50695}, networkConnectionEnabled: false, pageLoadStrategy: normal, platformName: WINDOWS, proxy: Proxy(), se:cdp: ws://localhost:50695/devtoo..., se:cdpVersion: 107.0.5304.106, setWindowRect: true, strictFileInteractability: false, timeouts: {implicit: 0, pageLoad: 300000, script: 30000}, unhandledPromptBehavior: dismiss and notify, webauthn:extension:credBlob: true, webauthn:extension:largeBlob: true, webauthn:virtualAuthenticators: true}
Element: [[ChromeDriver: chrome on WINDOWS (25e7b62077097326b028e3b8ec80121d)] -> xpath: //input[@type='submit']]
Session ID: 25e7b62077097326b028e3b8ec80121d]]>
            </message>
            <full-stacktrace>
              <![CDATA[org.openqa.selenium.ElementClickInterceptedException: element click intercepted: Element <input type="submit" id="idSIButton9" class="win-button button_primary button ext-button primary ext-primary" data-report-event="Signin_Submit" data-report-trigger="click" data-report-value="Submit" data-bind="
                attr: primaryButtonAttributes,
                externalCss: {
                    'button': true,
                    'primary': true },
                value: primaryButtonText() || str['CT_PWD_STR_SignIn_Button_Next'],
                hasFocus: focusOnPrimaryButton,
                click: primaryButton_onClick,
                enable: isPrimaryButtonEnabled,
                visible: isPrimaryButtonVisible,
                preventTabbing: primaryButtonPreventTabbing" value="Next"> is not clickable at point (753, 336). Other element would receive the click: <div class="lightbox-cover disable-lightbox" data-bind="css: { 'disable-lightbox': svr.fAllowGrayOutLightBox &amp;&amp; showLightboxProgress() }"></div>
  (Session info: chrome=107.0.5304.106)
Build info: version: '4.5.3', revision: '4b786a1e430'
System info: os.name: 'Windows 11', os.arch: 'amd64', os.version: '10.0', java.version: '17.0.4.1'
Driver info: org.openqa.selenium.chrome.ChromeDriver
Command: [25e7b62077097326b028e3b8ec80121d, clickElement {id=5ff37cc8-f14b-4d2b-8670-9d274d44ee9c}]
Capabilities {acceptInsecureCerts: false, browserName: chrome, browserVersion: 107.0.5304.106, chrome: {chromedriverVersion: 107.0.5304.62 (1eec40d3a576..., userDataDir: C:\Users\P50096~1\AppData\L...}, goog:chromeOptions: {debuggerAddress: localhost:50695}, networkConnectionEnabled: false, pageLoadStrategy: normal, platformName: WINDOWS, proxy: Proxy(), se:cdp: ws://localhost:50695/devtoo..., se:cdpVersion: 107.0.5304.106, setWindowRect: true, strictFileInteractability: false, timeouts: {implicit: 0, pageLoad: 300000, script: 30000}, unhandledPromptBehavior: dismiss and notify, webauthn:extension:credBlob: true, webauthn:extension:largeBlob: true, webauthn:virtualAuthenticators: true}
Element: [[ChromeDriver: chrome on WINDOWS (25e7b62077097326b028e3b8ec80121d)] -> xpath: //input[@type='submit']]
Session ID: 25e7b62077097326b028e3b8ec80121d
at java.base/jdk.internal.reflect.NativeConstructorAccessorImpl.newInstance0(Native Method)
at java.base/jdk.internal.reflect.NativeConstructorAccessorImpl.newInstance(NativeConstructorAccessorImpl.java:77)
at java.base/jdk.internal.reflect.DelegatingConstructorAccessorImpl.newInstance(DelegatingConstructorAccessorImpl.java:45)
at java.base/java.lang.reflect.Constructor.newInstanceWithCaller(Constructor.java:499)
at java.base/java.lang.reflect.Constructor.newInstance(Constructor.java:480)
at org.openqa.selenium.remote.codec.w3c.W3CHttpResponseCodec.createException(W3CHttpResponseCodec.java:200)
at org.openqa.selenium.remote.codec.w3c.W3CHttpResponseCodec.decode(W3CHttpResponseCodec.java:133)
at org.openqa.selenium.remote.codec.w3c.W3CHttpResponseCodec.decode(W3CHttpResponseCodec.java:53)
at org.openqa.selenium.remote.HttpCommandExecutor.execute(HttpCommandExecutor.java:184)
at org.openqa.selenium.remote.service.DriverCommandExecutor.invokeExecute(DriverCommandExecutor.java:167)
at org.openqa.selenium.remote.service.DriverCommandExecutor.execute(DriverCommandExecutor.java:142)
at org.openqa.selenium.remote.RemoteWebDriver.execute(RemoteWebDriver.java:541)
at org.openqa.selenium.remote.RemoteWebElement.execute(RemoteWebElement.java:257)
at org.openqa.selenium.remote.RemoteWebElement.click(RemoteWebElement.java:78)
at pageObjects.LoginPageObject.getpassnextbtn(LoginPageObject.java:39)
at tests.LoginPage.validatelogin(LoginPage.java:53)
at tests.mainMyLeaves.myLeaves.LeavePlan.validateMyLeaves(LeavePlan.java:21)
at java.base/jdk.internal.reflect.NativeMethodAccessorImpl.invoke0(Native Method)
at java.base/jdk.internal.reflect.NativeMethodAccessorImpl.invoke(NativeMethodAccessorImpl.java:77)
at java.base/jdk.internal.reflect.DelegatingMethodAccessorImpl.invoke(DelegatingMethodAccessorImpl.java:43)
at java.base/java.lang.reflect.Method.invoke(Method.java:568)
at org.testng.internal.MethodInvocationHelper.invokeMethod(MethodInvocationHelper.java:133)
at org.testng.internal.TestInvoker.invokeMethod(TestInvoker.java:598)
at org.testng.internal.TestInvoker.invokeTestMethod(TestInvoker.java:173)
at org.testng.internal.MethodRunner.runInSequence(MethodRunner.java:46)
at org.testng.internal.TestInvoker$MethodInvocationAgent.invoke(TestInvoker.java:824)
at org.testng.internal.TestInvoker.invokeTestMethods(TestInvoker.java:146)
at org.testng.internal.TestMethodWorker.invokeTestMethods(TestMethodWorker.java:146)
at org.testng.internal.TestMethodWorker.run(TestMethodWorker.java:128)
at java.base/java.util.ArrayList.forEach(ArrayList.java:1511)
at org.testng.TestRunner.privateRun(TestRunner.java:794)
at org.testng.TestRunner.run(TestRunner.java:596)
at org.testng.SuiteRunner.runTest(SuiteRunner.java:377)
at org.testng.SuiteRunner.runSequentially(SuiteRunner.java:371)
at org.testng.SuiteRunner.privateRun(SuiteRunner.java:332)
at org.testng.SuiteRunner.run(SuiteRunner.java:276)
at org.testng.SuiteRunnerWorker.runSuite(SuiteRunnerWorker.java:53)
at org.testng.SuiteRunnerWorker.run(SuiteRunnerWorker.java:96)
at org.testng.TestNG.runSuitesSequentially(TestNG.java:1212)
at org.testng.TestNG.runSuitesLocally(TestNG.java:1134)
at org.testng.TestNG.runSuites(TestNG.java:1063)
at org.testng.TestNG.run(TestNG.java:1031)
at org.testng.remote.AbstractRemoteTestNG.run(AbstractRemoteTestNG.java:115)
at org.testng.remote.RemoteTestNG.initAndRun(RemoteTestNG.java:251)
at org.testng.remote.RemoteTestNG.main(RemoteTestNG.java:77)
]]>
            </full-stacktrace>
          </exception> <!-- org.openqa.selenium.ElementClickInterceptedException -->
          <reporter-output>
          </reporter-output>
        </test-method> <!-- validateMyLeaves -->
      </class> <!-- tests.mainMyLeaves.myLeaves.LeavePlan -->
      <class name="tests.LoginPage">
        <test-method signature="validatelogin()[pri:0, instance:tests.LoginPage@3adcc812]" started-at="2022-11-09T22:22:03 IST" name="validatelogin" finished-at="2022-11-09T22:22:20 IST" duration-ms="16917" status="FAIL">
          <exception class="org.openqa.selenium.ElementClickInterceptedException">
            <message>
              <![CDATA[element click intercepted: Element <input type="submit" id="idSIButton9" class="win-button button_primary button ext-button primary ext-primary" data-report-event="Signin_Submit" data-report-trigger="click" data-report-value="Submit" data-bind="
                attr: primaryButtonAttributes,
                externalCss: {
                    'button': true,
                    'primary': true },
                value: primaryButtonText() || str['CT_PWD_STR_SignIn_Button_Next'],
                hasFocus: focusOnPrimaryButton,
                click: primaryButton_onClick,
                enable: isPrimaryButtonEnabled,
                visible: isPrimaryButtonVisible,
                preventTabbing: primaryButtonPreventTabbing" value="Next"> is not clickable at point (753, 336). Other element would receive the click: <div class="lightbox-cover disable-lightbox" data-bind="css: { 'disable-lightbox': svr.fAllowGrayOutLightBox &amp;&amp; showLightboxProgress() }"></div>
  (Session info: chrome=107.0.5304.106)
Build info: version: '4.5.3', revision: '4b786a1e430'
System info: os.name: 'Windows 11', os.arch: 'amd64', os.version: '10.0', java.version: '17.0.4.1'
Driver info: org.openqa.selenium.chrome.ChromeDriver
Command: [748fb0ccc39c8e00d37d32a95cc45e13, clickElement {id=00a7f284-65fe-4f12-9d23-97261c662fd8}]
Capabilities {acceptInsecureCerts: false, browserName: chrome, browserVersion: 107.0.5304.106, chrome: {chromedriverVersion: 107.0.5304.62 (1eec40d3a576..., userDataDir: C:\Users\P50096~1\AppData\L...}, goog:chromeOptions: {debuggerAddress: localhost:50649}, networkConnectionEnabled: false, pageLoadStrategy: normal, platformName: WINDOWS, proxy: Proxy(), se:cdp: ws://localhost:50649/devtoo..., se:cdpVersion: 107.0.5304.106, setWindowRect: true, strictFileInteractability: false, timeouts: {implicit: 0, pageLoad: 300000, script: 30000}, unhandledPromptBehavior: dismiss and notify, webauthn:extension:credBlob: true, webauthn:extension:largeBlob: true, webauthn:virtualAuthenticators: true}
Element: [[ChromeDriver: chrome on WINDOWS (748fb0ccc39c8e00d37d32a95cc45e13)] -> xpath: //input[@type='submit']]
Session ID: 748fb0ccc39c8e00d37d32a95cc45e13]]>
            </message>
            <full-stacktrace>
              <![CDATA[org.openqa.selenium.ElementClickInterceptedException: element click intercepted: Element <input type="submit" id="idSIButton9" class="win-button button_primary button ext-button primary ext-primary" data-report-event="Signin_Submit" data-report-trigger="click" data-report-value="Submit" data-bind="
                attr: primaryButtonAttributes,
                externalCss: {
                    'button': true,
                    'primary': true },
                value: primaryButtonText() || str['CT_PWD_STR_SignIn_Button_Next'],
                hasFocus: focusOnPrimaryButton,
                click: primaryButton_onClick,
                enable: isPrimaryButtonEnabled,
                visible: isPrimaryButtonVisible,
                preventTabbing: primaryButtonPreventTabbing" value="Next"> is not clickable at point (753, 336). Other element would receive the click: <div class="lightbox-cover disable-lightbox" data-bind="css: { 'disable-lightbox': svr.fAllowGrayOutLightBox &amp;&amp; showLightboxProgress() }"></div>
  (Session info: chrome=107.0.5304.106)
Build info: version: '4.5.3', revision: '4b786a1e430'
System info: os.name: 'Windows 11', os.arch: 'amd64', os.version: '10.0', java.version: '17.0.4.1'
Driver info: org.openqa.selenium.chrome.ChromeDriver
Command: [748fb0ccc39c8e00d37d32a95cc45e13, clickElement {id=00a7f284-65fe-4f12-9d23-97261c662fd8}]
Capabilities {acceptInsecureCerts: false, browserName: chrome, browserVersion: 107.0.5304.106, chrome: {chromedriverVersion: 107.0.5304.62 (1eec40d3a576..., userDataDir: C:\Users\P50096~1\AppData\L...}, goog:chromeOptions: {debuggerAddress: localhost:50649}, networkConnectionEnabled: false, pageLoadStrategy: normal, platformName: WINDOWS, proxy: Proxy(), se:cdp: ws://localhost:50649/devtoo..., se:cdpVersion: 107.0.5304.106, setWindowRect: true, strictFileInteractability: false, timeouts: {implicit: 0, pageLoad: 300000, script: 30000}, unhandledPromptBehavior: dismiss and notify, webauthn:extension:credBlob: true, webauthn:extension:largeBlob: true, webauthn:virtualAuthenticators: true}
Element: [[ChromeDriver: chrome on WINDOWS (748fb0ccc39c8e00d37d32a95cc45e13)] -> xpath: //input[@type='submit']]
Session ID: 748fb0ccc39c8e00d37d32a95cc45e13
at java.base/jdk.internal.reflect.NativeConstructorAccessorImpl.newInstance0(Native Method)
at java.base/jdk.internal.reflect.NativeConstructorAccessorImpl.newInstance(NativeConstructorAccessorImpl.java:77)
at java.base/jdk.internal.reflect.DelegatingConstructorAccessorImpl.newInstance(DelegatingConstructorAccessorImpl.java:45)
at java.base/java.lang.reflect.Constructor.newInstanceWithCaller(Constructor.java:499)
at java.base/java.lang.reflect.Constructor.newInstance(Constructor.java:480)
at org.openqa.selenium.remote.codec.w3c.W3CHttpResponseCodec.createException(W3CHttpResponseCodec.java:200)
at org.openqa.selenium.remote.codec.w3c.W3CHttpResponseCodec.decode(W3CHttpResponseCodec.java:133)
at org.openqa.selenium.remote.codec.w3c.W3CHttpResponseCodec.decode(W3CHttpResponseCodec.java:53)
at org.openqa.selenium.remote.HttpCommandExecutor.execute(HttpCommandExecutor.java:184)
at org.openqa.selenium.remote.service.DriverCommandExecutor.invokeExecute(DriverCommandExecutor.java:167)
at org.openqa.selenium.remote.service.DriverCommandExecutor.execute(DriverCommandExecutor.java:142)
at org.openqa.selenium.remote.RemoteWebDriver.execute(RemoteWebDriver.java:541)
at org.openqa.selenium.remote.RemoteWebElement.execute(RemoteWebElement.java:257)
at org.openqa.selenium.remote.RemoteWebElement.click(RemoteWebElement.java:78)
at pageObjects.LoginPageObject.getpassnextbtn(LoginPageObject.java:39)
at tests.LoginPage.validatelogin(LoginPage.java:53)
at java.base/jdk.internal.reflect.NativeMethodAccessorImpl.invoke0(Native Method)
at java.base/jdk.internal.reflect.NativeMethodAccessorImpl.invoke(NativeMethodAccessorImpl.java:77)
at java.base/jdk.internal.reflect.DelegatingMethodAccessorImpl.invoke(DelegatingMethodAccessorImpl.java:43)
at java.base/java.lang.reflect.Method.invoke(Method.java:568)
at org.testng.internal.MethodInvocationHelper.invokeMethod(MethodInvocationHelper.java:133)
at org.testng.internal.TestInvoker.invokeMethod(TestInvoker.java:598)
at org.testng.internal.TestInvoker.invokeTestMethod(TestInvoker.java:173)
at org.testng.internal.MethodRunner.runInSequence(MethodRunner.java:46)
at org.testng.internal.TestInvoker$MethodInvocationAgent.invoke(TestInvoker.java:824)
at org.testng.internal.TestInvoker.invokeTestMethods(TestInvoker.java:146)
at org.testng.internal.TestMethodWorker.invokeTestMethods(TestMethodWorker.java:146)
at org.testng.internal.TestMethodWorker.run(TestMethodWorker.java:128)
at java.base/java.util.ArrayList.forEach(ArrayList.java:1511)
at org.testng.TestRunner.privateRun(TestRunner.java:794)
at org.testng.TestRunner.run(TestRunner.java:596)
at org.testng.SuiteRunner.runTest(SuiteRunner.java:377)
at org.testng.SuiteRunner.runSequentially(SuiteRunner.java:371)
at org.testng.SuiteRunner.privateRun(SuiteRunner.java:332)
at org.testng.SuiteRunner.run(SuiteRunner.java:276)
at org.testng.SuiteRunnerWorker.runSuite(SuiteRunnerWorker.java:53)
at org.testng.SuiteRunnerWorker.run(SuiteRunnerWorker.java:96)
at org.testng.TestNG.runSuitesSequentially(TestNG.java:1212)
at org.testng.TestNG.runSuitesLocally(TestNG.java:1134)
at org.testng.TestNG.runSuites(TestNG.java:1063)
at org.testng.TestNG.run(TestNG.java:1031)
at org.testng.remote.AbstractRemoteTestNG.run(AbstractRemoteTestNG.java:115)
at org.testng.remote.RemoteTestNG.initAndRun(RemoteTestNG.java:251)
at org.testng.remote.RemoteTestNG.main(RemoteTestNG.java:77)
]]>
            </full-stacktrace>
          </exception> <!-- org.openqa.selenium.ElementClickInterceptedException -->
          <reporter-output>
          </reporter-output>
        </test-method> <!-- validatelogin -->
      </class> <!-- tests.LoginPage -->
    </test> <!-- Test -->
  </suite> <!-- Suite -->
</testng-results>
